SF:lib/app/data/repositories_impl/connectivity_repository_impl.dart
DA:10,1
DA:24,1
DA:26,1
DA:27,1
DA:30,0
DA:31,0
DA:33,1
DA:35,1
DA:36,1
DA:39,2
DA:42,2
DA:43,2
DA:46,1
DA:48,5
DA:49,0
DA:50,0
DA:51,0
DA:52,0
DA:53,0
DA:54,0
DA:55,0
LF:21
LH:12
end_of_record
SF:lib/app/data/data_source/remote/internet_checker.dart
DA:7,0
DA:10,0
DA:11,0
DA:13,0
DA:14,0
LF:5
LH:0
end_of_record
SF:lib/app/presentation/global/service_locator/service_locator.dart
DA:2,1
DA:3,3
DA:5,2
DA:9,1
DA:10,2
DA:13,1
DA:17,3
DA:21,1
DA:24,1
DA:25,3
DA:26,2
DA:29,1
DA:30,2
LF:13
LH:13
end_of_record
