SF:lib/app/data/repositories_impl/connectivity_repository_impl.dart
DA:10,2
DA:24,1
DA:26,1
DA:27,1
DA:30,0
DA:31,0
DA:33,2
DA:35,2
DA:36,2
DA:39,4
DA:42,4
DA:43,4
DA:46,2
DA:48,10
DA:49,1
DA:50,1
DA:51,4
DA:52,1
DA:53,1
DA:54,2
DA:55,0
LF:21
LH:18
end_of_record
SF:lib/app/domain/models/breeds/breeds.dart
DA:49,2
DA:59,2
LF:2
LH:2
end_of_record
SF:lib/app/domain/models/breeds/breeds.g.dart
DA:9,2
DA:10,2
DA:11,1
DA:12,1
DA:13,1
DA:14,1
DA:15,1
DA:16,1
DA:17,1
DA:18,1
DA:19,1
DA:20,1
DA:21,1
DA:22,2
DA:23,2
DA:24,1
DA:25,2
DA:26,2
DA:27,2
DA:28,2
DA:29,2
DA:30,2
DA:31,2
DA:32,2
DA:33,2
DA:34,2
DA:35,2
DA:36,2
DA:37,2
DA:38,2
DA:39,2
DA:40,2
DA:41,2
DA:42,2
DA:43,2
DA:44,1
DA:45,2
DA:46,1
DA:49,2
DA:50,1
DA:51,1
LF:41
LH:41
end_of_record
SF:lib/app/data/data_source/remote/breeds_api.dart
DA:8,2
DA:12,1
DA:16,2
DA:18,1
DA:19,1
DA:20,1
DA:22,1
DA:23,1
DA:24,2
DA:26,1
DA:29,1
LF:11
LH:11
end_of_record
SF:lib/app/data/http/http.dart
DA:17,2
DA:23,1
DA:26,2
DA:35,1
DA:45,1
DA:48,1
DA:49,0
DA:51,0
DA:55,1
DA:56,3
DA:58,1
DA:59,1
DA:64,1
DA:65,1
DA:66,1
DA:67,1
DA:68,1
DA:71,1
DA:72,1
DA:73,1
DA:74,1
DA:79,1
DA:80,3
DA:82,0
DA:83,0
DA:84,0
DA:89,0
DA:91,0
DA:92,0
DA:93,0
DA:98,0
DA:100,0
DA:101,0
DA:102,0
DA:107,0
DA:109,0
DA:110,0
DA:111,0
DA:116,0
DA:120,1
DA:122,2
DA:124,1
DA:126,3
DA:127,1
DA:128,1
DA:131,2
DA:132,1
DA:133,1
DA:139,0
DA:140,0
DA:147,0
DA:149,0
DA:153,0
DA:154,0
DA:156,0
DA:158,0
DA:159,0
DA:160,0
DA:165,0
DA:166,0
DA:171,1
DA:173,3
DA:176,1
LF:63
LH:33
end_of_record
SF:lib/app/data/http/failure.dart
DA:4,0
LF:1
LH:0
end_of_record
SF:lib/app/data/http/logs.dart
DA:6,1
DA:17,1
DA:21,1
DA:24,1
LF:4
LH:4
end_of_record
SF:lib/app/data/http/parse_response_body.dart
DA:3,1
DA:5,1
LF:2
LH:2
end_of_record
SF:lib/app/data/data_source/utils/handle_failure.dart
DA:5,0
DA:6,0
DA:7,0
DA:10,0
DA:11,0
DA:12,0
DA:13,0
DA:14,0
DA:16,0
DA:17,0
DA:19,0
DA:20,0
DA:22,0
LF:13
LH:0
end_of_record
SF:lib/app/data/repositories_impl/breeds_repository_impl.dart
DA:8,2
DA:12,1
DA:17,2
DA:21,1
LF:4
LH:4
end_of_record
SF:lib/app/data/repositories_impl/preference_repository_impl.dart
DA:6,2
DA:13,1
DA:15,2
DA:16,1
DA:18,1
DA:20,1
DA:22,3
LF:7
LH:7
end_of_record
SF:lib/app/inject_repositories.dart
DA:15,1
DA:22,2
DA:23,1
DA:30,2
DA:31,1
DA:37,2
DA:38,1
DA:39,1
DA:43,1
DA:50,6
DA:53,3
DA:54,6
DA:57,15
LF:13
LH:13
end_of_record
SF:lib/app/presentation/global/service_locator/service_locator.dart
DA:2,6
DA:3,18
DA:5,12
DA:9,6
DA:10,12
DA:13,6
DA:17,18
DA:21,6
DA:24,6
DA:25,13
DA:26,12
DA:29,6
DA:30,12
LF:13
LH:13
end_of_record
SF:lib/app/presentation/modules/home/controller/home_controller.dart
DA:6,1
DA:9,1
DA:13,0
DA:19,0
DA:23,0
DA:24,0
DA:25,0
DA:26,0
DA:27,0
DA:29,0
DA:33,0
DA:34,0
DA:35,0
DA:36,0
DA:40,0
LF:15
LH:2
end_of_record
SF:lib/app/presentation/global/state_notifier.dart
DA:4,2
DA:9,2
DA:10,2
DA:11,2
DA:13,2
DA:15,2
DA:17,1
DA:21,2
DA:22,2
DA:23,1
DA:24,1
DA:28,1
DA:30,1
DA:31,1
LF:14
LH:14
end_of_record
SF:lib/app/presentation/modules/splash/view/splash_view.dart
DA:8,4
DA:10,1
DA:11,1
DA:15,1
DA:17,1
DA:18,3
DA:19,1
DA:23,1
DA:24,1
DA:25,1
DA:26,1
DA:31,1
DA:33,1
DA:34,2
DA:38,1
DA:40,1
DA:41,1
DA:42,1
DA:45,1
DA:46,1
DA:51,1
DA:52,1
DA:54,1
DA:55,1
DA:58,1
DA:61,1
DA:63,3
LF:27
LH:27
end_of_record
SF:lib/app/presentation/routes/app_routes.dart
DA:10,3
DA:11,3
DA:12,0
DA:13,1
DA:14,1
DA:15,0
DA:16,1
LF:7
LH:5
end_of_record
SF:lib/main.dart
DA:43,7
DA:52,3
DA:54,3
DA:55,3
DA:56,3
DA:57,3
DA:58,3
DA:59,3
DA:60,3
DA:65,3
DA:66,0
DA:67,0
DA:68,0
DA:69,0
DA:73,3
DA:74,3
DA:75,3
LF:17
LH:13
end_of_record
SF:lib/app/my_app.dart
DA:9,3
DA:17,3
DA:19,3
DA:20,3
DA:21,0
DA:23,3
DA:25,3
DA:26,3
DA:28,6
LF:9
LH:8
end_of_record
SF:lib/app/presentation/global/controllers/theme_control.dart
DA:6,4
DA:14,8
DA:16,2
DA:17,2
DA:18,6
DA:19,2
LF:6
LH:6
end_of_record
SF:lib/app/presentation/global/theme/theme.dart
DA:6,3
DA:8,2
DA:9,2
DA:15,2
DA:19,2
DA:21,2
DA:22,2
DA:23,4
DA:24,4
DA:25,4
DA:26,4
DA:32,3
DA:33,3
DA:37,3
DA:43,3
DA:44,3
DA:45,6
DA:46,6
DA:47,6
DA:48,6
LF:20
LH:20
end_of_record
SF:lib/app/presentation/global/widgets/error_image_card.dart
DA:4,8
DA:6,0
DA:8,0
LF:3
LH:1
end_of_record
SF:lib/app/presentation/modules/details/view/details_view.dart
DA:8,4
DA:10,0
DA:12,0
DA:15,0
DA:18,0
DA:22,0
DA:23,0
DA:24,0
DA:25,0
LF:9
LH:1
end_of_record
SF:lib/app/presentation/modules/details/view/widgets/details_cat_body.dart
DA:7,0
DA:14,0
DA:16,0
DA:17,0
DA:22,0
DA:25,0
DA:26,0
DA:27,0
DA:31,0
DA:33,0
DA:36,0
DA:38,0
DA:41,0
DA:43,0
DA:46,0
DA:48,0
DA:51,0
DA:53,0
DA:56,0
DA:58,0
DA:61,0
DA:63,0
DA:66,0
DA:68,0
DA:71,0
DA:73,0
DA:76,0
DA:78,0
DA:81,0
DA:83,0
DA:86,0
DA:88,0
DA:91,0
DA:93,0
DA:103,0
DA:110,0
DA:112,0
DA:113,0
DA:114,0
DA:115,0
DA:116,0
DA:117,0
DA:118,0
DA:124,0
LF:44
LH:0
end_of_record
SF:lib/app/presentation/modules/details/view/widgets/details_cat_header.dart
DA:10,0
DA:17,0
DA:19,0
DA:20,0
DA:21,0
DA:22,0
DA:23,0
DA:24,0
DA:25,0
DA:26,0
DA:30,0
DA:31,0
DA:32,0
DA:34,0
DA:38,0
DA:42,0
DA:54,0
DA:57,0
DA:58,0
DA:59,0
LF:20
LH:0
end_of_record
SF:lib/app/presentation/modules/home/utils/get_image_url.dart
DA:1,0
DA:5,0
DA:7,0
DA:9,0
LF:4
LH:0
end_of_record
SF:lib/app/presentation/modules/home/view/home_view.dart
DA:9,4
DA:11,0
DA:13,0
DA:15,0
DA:16,0
DA:18,0
DA:19,0
DA:20,0
DA:29,0
DA:30,0
DA:31,0
DA:41,0
DA:43,0
DA:47,0
DA:48,0
DA:49,0
DA:50,0
LF:17
LH:1
end_of_record
SF:lib/app/presentation/modules/home/view/widgets/list_card_cat.dart
DA:10,0
DA:16,0
DA:17,0
DA:26,0
DA:28,0
DA:29,0
DA:30,0
DA:31,0
DA:34,0
DA:36,0
DA:37,0
DA:38,0
DA:39,0
DA:41,0
DA:44,0
DA:45,0
DA:46,0
DA:47,0
DA:49,0
DA:53,0
DA:54,0
DA:55,0
DA:56,0
DA:64,0
DA:65,0
DA:66,0
DA:67,0
DA:68,0
DA:70,0
DA:71,0
DA:72,0
DA:73,0
DA:74,0
DA:80,0
DA:81,0
DA:82,0
DA:83,0
DA:84,0
DA:85,0
DA:86,0
DA:87,0
DA:88,0
DA:91,0
DA:93,0
DA:94,0
DA:95,0
DA:97,0
DA:98,0
DA:99,0
DA:100,0
DA:101,0
DA:102,0
DA:103,0
DA:108,0
DA:120,0
LF:55
LH:0
end_of_record
SF:lib/app/presentation/modules/home/view/widgets/card_cat.dart
DA:10,0
DA:17,0
DA:19,0
DA:21,0
DA:22,0
DA:23,0
DA:24,0
DA:25,0
DA:26,0
DA:27,0
DA:28,0
DA:29,0
DA:33,0
DA:34,0
DA:35,0
DA:37,0
DA:42,0
DA:46,0
DA:47,0
DA:59,0
DA:61,0
DA:62,0
DA:63,0
DA:64,0
DA:68,0
DA:69,0
DA:70,0
DA:72,0
DA:87,0
DA:92,0
DA:93,0
DA:110,0
DA:114,0
DA:115,0
DA:116,0
DA:117,0
DA:121,0
DA:124,0
DA:125,0
DA:127,0
DA:132,0
DA:134,0
DA:135,0
DA:138,0
DA:139,0
DA:143,0
DA:144,0
DA:145,0
LF:48
LH:0
end_of_record
SF:lib/app/presentation/modules/offline/view/offline_view.dart
DA:9,4
DA:11,1
DA:12,1
DA:18,1
DA:20,1
DA:21,2
DA:22,1
DA:23,1
DA:28,1
DA:29,4
DA:30,1
DA:32,1
DA:33,1
DA:41,1
DA:43,2
DA:44,1
DA:47,1
DA:49,1
DA:50,1
DA:51,1
LF:20
LH:20
end_of_record
SF:lib/app/presentation/modules/profile/view/profile_view.dart
DA:8,4
DA:10,1
DA:12,1
DA:13,1
DA:14,1
DA:15,1
DA:17,1
DA:18,1
DA:19,1
DA:21,1
DA:22,2
LF:11
LH:11
end_of_record
